<?xml version="1.0" encoding="UTF-8"?>
<!-- Generated by org.testng.reporters.JUnitXMLReporter -->
<testsuite ignored="0" hostname="DESKTOP-E04GLGP" failures="3" tests="4" name="Test" time="4.624" errors="0" timestamp="2023-02-21T12:55:37 IST">
  <testcase classname="org.requestChaining.CreateTourist" name="CreateTourist" time="4.458"/>
  <testcase classname="org.requestChaining.GetTouristDetails" name="getTourist" time="0.007">
    <failure type="java.lang.NullPointerException" message="Cannot invoke &amp;quot;java.lang.Integer.intValue()&amp;quot; because &amp;quot;id&amp;quot; is null">
      <![CDATA[java.lang.NullPointerException: Cannot invoke "java.lang.Integer.intValue()" because "id" is null
at org.requestChaining.GetTouristDetails.getTourist(GetTouristDetails.java:19)
at java.base/java.util.ArrayList.forEach(ArrayList.java:1511)
... Removed 27 stack frames]]>
    </failure>
  </testcase> <!-- getTourist -->
  <testcase classname="org.requestChaining.UpdateTouristDetails" name="CreateTourist" time="0.002">
    <failure type="java.lang.NullPointerException" message="Cannot invoke &amp;quot;java.lang.Integer.intValue()&amp;quot; because &amp;quot;id&amp;quot; is null">
      <![CDATA[java.lang.NullPointerException: Cannot invoke "java.lang.Integer.intValue()" because "id" is null
at org.requestChaining.UpdateTouristDetails.CreateTourist(UpdateTouristDetails.java:23)
at java.base/java.util.ArrayList.forEach(ArrayList.java:1511)
... Removed 27 stack frames]]>
    </failure>
  </testcase> <!-- CreateTourist -->
  <testcase classname="org.requestChaining.DeleteTouristDetails" name="getTourist" time="0.003">
    <failure type="java.lang.NullPointerException" message="Cannot invoke &amp;quot;java.lang.Integer.intValue()&amp;quot; because &amp;quot;id&amp;quot; is null">
      <![CDATA[java.lang.NullPointerException: Cannot invoke "java.lang.Integer.intValue()" because "id" is null
at org.requestChaining.DeleteTouristDetails.getTourist(DeleteTouristDetails.java:16)
at java.base/java.util.ArrayList.forEach(ArrayList.java:1511)
... Removed 27 stack frames]]>
    </failure>
  </testcase> <!-- getTourist -->
</testsuite> <!-- Test -->
